#
# A fatal error has been detected by the Java Runtime Environment:
#
#  EXCEPTION_ACCESS_VIOLATION (0xc0000005) at pc=0x00007ffe9eb22e63, pid=9744, tid=8572
#
# JRE version: Java(TM) SE Runtime Environment (20.0.2+9) (build 20.0.2+9-78)
# Java VM: Java HotSpot(TM) 64-Bit Server VM (20.0.2+9-78, mixed mode, sharing, tiered, compressed oops, compressed class ptrs, g1 gc, windows-amd64)
# Problematic frame:
# V  [jvm.dll+0x252e63]
#
# No core dump will be written. Minidumps are not enabled by default on client versions of Windows
#
# If you would like to submit a bug report, please visit:
#   https://bugreport.java.com/bugreport/crash.jsp
#

---------------  S U M M A R Y ------------

Command Line: -Dclassworlds.conf=C:\Program Files\NetBeans-18\netbeans\java\maven\bin\m2.conf -Dmaven.home=C:\Program Files\NetBeans-18\netbeans\java\maven -Dlibrary.jansi.path=C:\Program Files\NetBeans-18\netbeans\java\maven\lib\jansi-native -Dmaven.multiModuleProjectDirectory=C:\Users\vicentin.7910\Documents\NetBeansProjects\SistemaPedidos org.codehaus.plexus.classworlds.launcher.Launcher -Dexec.vmArgs= -Dexec.args=${exec.vmArgs} -classpath %classpath ${exec.mainClass} ${exec.appArgs} -Dexec.executable=C:\Program Files\Java\jdk-20\bin\java.exe -Dexec.mainClass=com.mycompany.visao.EstadoCivil.CadEstadoCivil -Dexec.classpathScope=runtime -Dexec.appArgs= -Dmaven.ext.class.path=C:\Program Files\NetBeans-18\netbeans\java\maven-nblib\netbeans-eventspy.jar --no-transfer-progress process-classes org.codehaus.mojo:exec-maven-plugin:3.1.0:exec

Host: Intel(R) Core(TM) i5-4690S CPU @ 3.20GHz, 4 cores, 7G,  Windows 10 , 64 bit Build 19041 (10.0.19041.3570)
Time: Fri Oct 20 11:15:01 2023 Hora oficial do Brasil elapsed time: 2.578307 seconds (0d 0h 0m 2s)

---------------  T H R E A D  ---------------

Current thread (0x000002c7cc2598f0):  JavaThread "C2 CompilerThread0" daemon [_thread_in_native, id=8572, stack(0x000000faaf900000,0x000000faafa00000)]


Current CompileTask:
C2:   2578 3359   !   4       sun.nio.cs.StreamDecoder::read0 (59 bytes)

Stack: [0x000000faaf900000,0x000000faafa00000],  sp=0x000000faaf9fdb10,  free space=1014k
Native frames: (J=compiled Java code, j=interpreted, Vv=VM code, C=native code)
V  [jvm.dll+0x252e63]
V  [jvm.dll+0x6df1b7]
V  [jvm.dll+0x24a643]
V  [jvm.dll+0x1ce761]
V  [jvm.dll+0x25a0eb]
V  [jvm.dll+0x2587c0]
V  [jvm.dll+0x3f2dd5]
V  [jvm.dll+0x7f5c76]
V  [jvm.dll+0x6baecb]
C  [ucrtbase.dll+0x21bb2]
C  [KERNEL32.DLL+0x17344]
C  [ntdll.dll+0x526b1]


siginfo: EXCEPTION_ACCESS_VIOLATION (0xc0000005), reading address 0x000000e000000000


Registers:
RAX=0x000002c8115404e0, RBX=0x000000faaf9fdda0, RCX=0x0000000000000000, RDX=0x000002c8193ae2e4
RSP=0x000000faaf9fdb10, RBP=0x000000faaf9fdc60, RSI=0x00000000000004ec, RDI=0x000000e000000000
R8 =0x0000000000000001, R9 =0x000002c81afe1050, R10=0x00007ffea8510000, R11=0x0000000000000000
R12=0x00000000000002c3, R13=0x000002c811540528, R14=0x0000000000000028, R15=0x0000000000000000
RIP=0x00007ffe9eb22e63, EFLAGS=0x0000000000010246


Register to memory mapping:

RIP=0x00007ffe9eb22e63 jvm.dll
RAX=0x000002c8115404e0 points into unknown readable memory: 0x00007ffe9f2399e8 | e8 99 23 9f fe 7f 00 00
RBX=0x000000faaf9fdda0 is pointing into the stack for thread: 0x000002c7cc2598f0
RCX=0x0 is NULL
RDX=0x000002c8193ae2e4 points into unknown readable memory: 01 00 00 00
RSP=0x000000faaf9fdb10 is pointing into the stack for thread: 0x000002c7cc2598f0
RBP=0x000000faaf9fdc60 is pointing into the stack for thread: 0x000002c7cc2598f0
RSI=0x00000000000004ec is an unknown value
RDI=0x000000e000000000 is an unknown value
R8 =0x0000000000000001 is an unknown value
R9 =0x000002c81afe1050 points into unknown readable memory: 0x0000000000000000 | 00 00 00 00 00 00 00 00
R10=0x00007ffea8510000 VCRUNTIME140.dll
R11=0x0 is NULL
R12=0x00000000000002c3 is an unknown value
R13=0x000002c811540528 points into unknown readable memory: 0x000000fabf800000 | 00 00 80 bf fa 00 00 00
R14=0x0000000000000028 is an unknown value
R15=0x0 is NULL


Top of Stack: (sp=0x000000faaf9fdb10)
0x000000faaf9fdb10:   000000faaf9fdda0 000000faaf9fdc60
0x000000faaf9fdb20:   000000faaf9fe840 0000000000002618
0x000000faaf9fdb30:   0000000000000003 000000faaf9fdd90
0x000000faaf9fdb40:   000000faaf9fddf0 0000000000000002
0x000000faaf9fdb50:   000002c811d34b08 00007ffe9efaf1b7
0x000000faaf9fdb60:   000002c8000002f5 000000faaf9fdc60
0x000000faaf9fdb70:   0000000000000001 000002c7b00e9190
0x000000faaf9fdb80:   000000faaf9fe840 00007ffe9eb1a643
0x000000faaf9fdb90:   000002c811d34b08 000000faaf9fdc90
0x000000faaf9fdba0:   0000000000000002 0000000000000001
0x000000faaf9fdbb0:   0000000000000000 0000000000000000
0x000000faaf9fdbc0:   0000000000000000 0000000000000000
0x000000faaf9fdbd0:   0000000000000000 0000000000000000
0x000000faaf9fdbe0:   0000000000000000 00007ffe9f21b5ec
0x000000faaf9fdbf0:   0000000000000000 0000000000000000
0x000000faaf9fdc00:   0000000000000000 00007ffe9f21b5ec
0x000000faaf9fdc10:   0000000000000000 0000000000000000
0x000000faaf9fdc20:   000002c7cc226160 000002c8126d9ca0
0x000000faaf9fdc30:   000002c8126e04e0 000002c8126e1c88
0x000000faaf9fdc40:   0000000000028310 0000000000000000
0x000000faaf9fdc50:   0000000000000000 0000000000000000
0x000000faaf9fdc60:   000000faaf9fe970 0000000000001000
0x000000faaf9fdc70:   000002c812286160 0000000000000b26
0x000000faaf9fdc80:   0000000000000200 000002c811b12de8
0x000000faaf9fdc90:   0000000000000200 000000faaf9fe970
0x000000faaf9fdca0:   0000000000000000 0000000000000000
0x000000faaf9fdcb0:   0000000000000000 0000000000000000
0x000000faaf9fdcc0:   0000000000000000 0000000000000000
0x000000faaf9fdcd0:   0000000000000000 0000000000000000
0x000000faaf9fdce0:   0000000000000000 0000000000000000
0x000000faaf9fdcf0:   0000000000000000 0000000000000000
0x000000faaf9fdd00:   0000000000000000 0000000000000000 

Instructions: (pc=0x00007ffe9eb22e63)
0x00007ffe9eb22d63:   8b c6 48 f7 d8 4d 8d 24 c4 4c 3b e6 0f 83 0b fe
0x00007ffe9eb22d73:   ff ff 4c 8b 7c 24 30 4c 8b 74 24 38 48 8b 7c 24
0x00007ffe9eb22d83:   40 48 8b ac 24 80 00 00 00 48 83 c4 48 41 5d 41
0x00007ffe9eb22d93:   5c 5e 5b c3 cc cc cc cc cc cc cc cc cc 40 53 56
0x00007ffe9eb22da3:   57 48 83 ec 30 8b b9 50 02 00 00 48 8b da 2b b9
0x00007ffe9eb22db3:   78 02 00 00 48 8b f1 3b 7a 08 72 0a 8b d7 48 8b
0x00007ffe9eb22dc3:   cb e8 47 73 44 00 48 8b 43 10 48 c7 04 f8 00 00
0x00007ffe9eb22dd3:   00 00 48 8b 96 e0 02 00 00 48 85 d2 74 08 48 8b
0x00007ffe9eb22de3:   cb e8 97 cc e7 ff 48 8b 96 e8 02 00 00 48 85 d2
0x00007ffe9eb22df3:   74 08 48 8b cb e8 83 cc e7 ff 33 c0 89 44 24 50
0x00007ffe9eb22e03:   39 43 18 0f 86 f8 00 00 00 48 89 6c 24 58 4c 89
0x00007ffe9eb22e13:   64 24 60 4c 89 6c 24 68 4c 89 74 24 28 4c 89 7c
0x00007ffe9eb22e23:   24 20 66 66 66 0f 1f 84 00 00 00 00 00 8b c8 48
0x00007ffe9eb22e33:   8b 43 10 4c 8b 2c c8 41 8b 45 1c 85 c0 0f 84 92
0x00007ffe9eb22e43:   00 00 00 45 33 f6 44 8b e0 0f 1f 40 00 49 8b 45
0x00007ffe9eb22e53:   08 49 8b 3c 06 48 85 ff 74 6d 40 f6 c7 01 75 67
0x00007ffe9eb22e63:   48 83 3f fe 74 61 44 8b 7f 28 41 8b f7 c1 ee 05
0x00007ffe9eb22e73:   3b 73 20 72 0b 8b d6 48 8d 4b 20 e8 fd f2 5d 00
0x00007ffe9eb22e83:   48 8b 43 28 41 83 e7 1f 48 8d 14 b0 41 0f b6 cf
0x00007ffe9eb22e93:   41 b8 01 00 00 00 41 d3 e0 8b 0a 8b c1 41 0b c0
0x00007ffe9eb22ea3:   89 02 41 85 c8 75 20 8b 73 18 8d 46 01 89 43 18
0x00007ffe9eb22eb3:   3b 73 08 72 0a 8b d6 48 8b cb e8 4e 72 44 00 48
0x00007ffe9eb22ec3:   8b 43 10 48 89 3c f0 49 83 c6 08 49 83 ec 01 0f
0x00007ffe9eb22ed3:   85 78 ff ff ff 8b 44 24 50 ff c0 89 44 24 50 3b
0x00007ffe9eb22ee3:   43 18 0f 82 45 ff ff ff 4c 8b 7c 24 20 4c 8b 74
0x00007ffe9eb22ef3:   24 28 4c 8b 6c 24 68 4c 8b 64 24 60 48 8b 6c 24
0x00007ffe9eb22f03:   58 48 83 c4 30 5f 5e 5b c3 cc cc cc cc 40 53 48
0x00007ffe9eb22f13:   83 ec 20 48 8b 81 f0 02 00 00 48 8b d9 48 85 c0
0x00007ffe9eb22f23:   75 27 e8 96 37 00 00 48 8b d0 48 8b 48 10 48 8b
0x00007ffe9eb22f33:   01 48 3b c2 74 06 83 78 38 02 74 06 48 83 c1 08
0x00007ffe9eb22f43:   eb ec 48 89 83 f0 02 00 00 48 83 c4 20 5b c3 cc
0x00007ffe9eb22f53:   cc cc cc cc cc cc cc cc cc cc cc cc cc 48 8b c4 


Stack slot to memory mapping:
stack at sp + 0 slots: 0x000000faaf9fdda0 is pointing into the stack for thread: 0x000002c7cc2598f0
stack at sp + 1 slots: 0x000000faaf9fdc60 is pointing into the stack for thread: 0x000002c7cc2598f0
stack at sp + 2 slots: 0x000000faaf9fe840 is pointing into the stack for thread: 0x000002c7cc2598f0
stack at sp + 3 slots: 0x0000000000002618 is an unknown value
stack at sp + 4 slots: 0x0000000000000003 is an unknown value
stack at sp + 5 slots: 0x000000faaf9fdd90 is pointing into the stack for thread: 0x000002c7cc2598f0
stack at sp + 6 slots: 0x000000faaf9fddf0 is pointing into the stack for thread: 0x000002c7cc2598f0
stack at sp + 7 slots: 0x0000000000000002 is an unknown value


---------------  P R O C E S S  ---------------

Threads class SMR info:
_java_thread_list=0x000002c8120658a0, length=12, elements={
0x000002c7b00e8170, 0x000002c7cc23a080, 0x000002c7cc23b020, 0x000002c7cc2401c0,
0x000002c7cc243210, 0x000002c7cc2464a0, 0x000002c7cc249590, 0x000002c7cc2598f0,
0x000002c7cc24b820, 0x000002c81152e1a0, 0x000002c81153f720, 0x000002c811f41580
}

Java Threads: ( => current thread )
  0x000002c7b00e8170 JavaThread "main" [_thread_in_Java, id=8528, stack(0x000000faaec00000,0x000000faaed00000)]
  0x000002c7cc23a080 JavaThread "Reference Handler" daemon [_thread_blocked, id=11804, stack(0x000000faaf300000,0x000000faaf400000)]
  0x000002c7cc23b020 JavaThread "Finalizer" daemon [_thread_blocked, id=12624, stack(0x000000faaf400000,0x000000faaf500000)]
  0x000002c7cc2401c0 JavaThread "Signal Dispatcher" daemon [_thread_blocked, id=5648, stack(0x000000faaf500000,0x000000faaf600000)]
  0x000002c7cc243210 JavaThread "Attach Listener" daemon [_thread_blocked, id=11324, stack(0x000000faaf600000,0x000000faaf700000)]
  0x000002c7cc2464a0 JavaThread "Service Thread" daemon [_thread_blocked, id=11228, stack(0x000000faaf700000,0x000000faaf800000)]
  0x000002c7cc249590 JavaThread "Monitor Deflation Thread" daemon [_thread_blocked, id=10000, stack(0x000000faaf800000,0x000000faaf900000)]
=>0x000002c7cc2598f0 JavaThread "C2 CompilerThread0" daemon [_thread_in_native, id=8572, stack(0x000000faaf900000,0x000000faafa00000)]
  0x000002c7cc24b820 JavaThread "C1 CompilerThread0" daemon [_thread_blocked, id=13500, stack(0x000000faafa00000,0x000000faafb00000)]
  0x000002c81152e1a0 JavaThread "Notification Thread" daemon [_thread_blocked, id=14252, stack(0x000000faafb00000,0x000000faafc00000)]
  0x000002c81153f720 JavaThread "Common-Cleaner" daemon [_thread_blocked, id=8680, stack(0x000000faafd00000,0x000000faafe00000)]
  0x000002c811f41580 JavaThread "C2 CompilerThread1" daemon [_thread_in_native, id=5588, stack(0x000000fab0100000,0x000000fab0200000)]

Other Threads:
  0x000002c7cc21ed90 VMThread "VM Thread" [stack: 0x000000faaf200000,0x000000faaf300000] [id=15780]
  0x000002c811538e90 WatcherThread "VM Periodic Task Thread" [stack: 0x000000faafc00000,0x000000faafd00000] [id=13148]
  0x000002c7b014a180 WorkerThread "GC Thread#0" [stack: 0x000000faaed00000,0x000000faaee00000] [id=12188]
  0x000002c811a86ca0 WorkerThread "GC Thread#1" [stack: 0x000000faafe00000,0x000000faaff00000] [id=2488]
  0x000002c811a21a10 WorkerThread "GC Thread#2" [stack: 0x000000faaff00000,0x000000fab0000000] [id=240]
  0x000002c811f46150 WorkerThread "GC Thread#3" [stack: 0x000000fab0000000,0x000000fab0100000] [id=7856]
  0x000002c7b015ae90 ConcurrentGCThread "G1 Main Marker" [stack: 0x000000faaee00000,0x000000faaef00000] [id=13220]
  0x000002c7b015bf70 WorkerThread "G1 Conc#0" [stack: 0x000000faaef00000,0x000000faaf000000] [id=12492]
  0x000002c7cc0d25d0 ConcurrentGCThread "G1 Refine#0" [stack: 0x000000faaf000000,0x000000faaf100000] [id=14560]
  0x000002c7cc0d2e80 ConcurrentGCThread "G1 Service" [stack: 0x000000faaf100000,0x000000faaf200000] [id=12924]

Threads with active compile tasks:
C2 CompilerThread0     2661 3359   !   4       sun.nio.cs.StreamDecoder::read0 (59 bytes)
C1 CompilerThread0     2661 3553   !   3       org.apache.maven.model.Activation::clone (127 bytes)
C2 CompilerThread1     2661 3529 %     4       sun.nio.cs.UTF_8$Decoder::decodeArrayLoop @ 103 (688 bytes)

VM state: not at safepoint (normal execution)

VM Mutex/Monitor currently owned by a thread: None

Heap address: 0x0000000081600000, size: 2026 MB, Compressed Oops mode: 32-bit

CDS archive(s) mapped at: [0x000002c7cc400000-0x000002c7cd060000-0x000002c7cd060000), size 12976128, SharedBaseAddress: 0x000002c7cc400000, ArchiveRelocationMode: 1.
Compressed class space mapped at: 0x000002c7cd400000-0x000002c80d400000, reserved size: 1073741824
Narrow klass base: 0x000002c7cc400000, Narrow klass shift: 0, Narrow klass range: 0x100000000

GC Precious Log:
 CardTable entry size: 512
 Card Set container configuration: InlinePtr #cards 5 size 8 Array Of Cards #cards 12 size 40 Howl #buckets 4 coarsen threshold 1843 Howl Bitmap #cards 512 size 80 coarsen threshold 460 Card regions per heap region 1 cards per card region 2048
 CPUs: 4 total, 4 available
 Memory: 8098M
 Large Page Support: Disabled
 NUMA Support: Disabled
 Compressed Oops: Enabled (32-bit)
 Heap Region Size: 1M
 Heap Min Capacity: 8M
 Heap Initial Capacity: 128M
 Heap Max Capacity: 2026M
 Pre-touch: Disabled
 Parallel Workers: 4
 Concurrent Workers: 1
 Concurrent Refinement Workers: 4
 Periodic GC: Disabled

Heap:
 garbage-first heap   total 131072K, used 72642K [0x0000000081600000, 0x0000000100000000)
  region size 1024K, 70 young (71680K), 1 survivors (1024K)
 Metaspace       used 16095K, committed 16320K, reserved 1114112K
  class space    used 1871K, committed 1984K, reserved 1048576K

Heap Regions: E=young(eden), S=young(survivor), O=old, HS=humongous(starts), HC=humongous(continues), CS=collection set, F=free, OA=open archive, CA=closed archive, TAMS=top-at-mark-start, PB=parsable bottom
|   0|0x0000000081600000, 0x0000000081700000, 0x0000000081700000|100%| O|  |TAMS 0x0000000081600000| PB 0x0000000081600000| Untracked 
|   1|0x0000000081700000, 0x0000000081800000, 0x0000000081800000|100%| O|  |TAMS 0x0000000081700000| PB 0x0000000081700000| Untracked 
|   2|0x0000000081800000, 0x0000000081900000, 0x0000000081900000|100%| O|  |TAMS 0x0000000081800000| PB 0x0000000081800000| Untracked 
|   3|0x0000000081900000, 0x000000008194b600, 0x0000000081a00000| 29%| O|  |TAMS 0x0000000081900000| PB 0x0000000081900000| Untracked 
|   4|0x0000000081a00000, 0x0000000081a00000, 0x0000000081b00000|  0%| F|  |TAMS 0x0000000081a00000| PB 0x0000000081a00000| Untracked 
|   5|0x0000000081b00000, 0x0000000081b00000, 0x0000000081c00000|  0%| F|  |TAMS 0x0000000081b00000| PB 0x0000000081b00000| Untracked 
|   6|0x0000000081c00000, 0x0000000081c00000, 0x0000000081d00000|  0%| F|  |TAMS 0x0000000081c00000| PB 0x0000000081c00000| Untracked 
|   7|0x0000000081d00000, 0x0000000081d00000, 0x0000000081e00000|  0%| F|  |TAMS 0x0000000081d00000| PB 0x0000000081d00000| Untracked 
|   8|0x0000000081e00000, 0x0000000081e00000, 0x0000000081f00000|  0%| F|  |TAMS 0x0000000081e00000| PB 0x0000000081e00000| Untracked 
|   9|0x0000000081f00000, 0x0000000081f00000, 0x0000000082000000|  0%| F|  |TAMS 0x0000000081f00000| PB 0x0000000081f00000| Untracked 
|  10|0x0000000082000000, 0x0000000082000000, 0x0000000082100000|  0%| F|  |TAMS 0x0000000082000000| PB 0x0000000082000000| Untracked 
|  11|0x0000000082100000, 0x0000000082100000, 0x0000000082200000|  0%| F|  |TAMS 0x0000000082100000| PB 0x0000000082100000| Untracked 
|  12|0x0000000082200000, 0x0000000082200000, 0x0000000082300000|  0%| F|  |TAMS 0x0000000082200000| PB 0x0000000082200000| Untracked 
|  13|0x0000000082300000, 0x0000000082300000, 0x0000000082400000|  0%| F|  |TAMS 0x0000000082300000| PB 0x0000000082300000| Untracked 
|  14|0x0000000082400000, 0x0000000082400000, 0x0000000082500000|  0%| F|  |TAMS 0x0000000082400000| PB 0x0000000082400000| Untracked 
|  15|0x0000000082500000, 0x0000000082500000, 0x0000000082600000|  0%| F|  |TAMS 0x0000000082500000| PB 0x0000000082500000| Untracked 
|  16|0x0000000082600000, 0x0000000082600000, 0x0000000082700000|  0%| F|  |TAMS 0x0000000082600000| PB 0x0000000082600000| Untracked 
|  17|0x0000000082700000, 0x0000000082700000, 0x0000000082800000|  0%| F|  |TAMS 0x0000000082700000| PB 0x0000000082700000| Untracked 
|  18|0x0000000082800000, 0x0000000082800000, 0x0000000082900000|  0%| F|  |TAMS 0x0000000082800000| PB 0x0000000082800000| Untracked 
|  19|0x0000000082900000, 0x0000000082900000, 0x0000000082a00000|  0%| F|  |TAMS 0x0000000082900000| PB 0x0000000082900000| Untracked 
|  20|0x0000000082a00000, 0x0000000082a00000, 0x0000000082b00000|  0%| F|  |TAMS 0x0000000082a00000| PB 0x0000000082a00000| Untracked 
|  21|0x0000000082b00000, 0x0000000082b00000, 0x0000000082c00000|  0%| F|  |TAMS 0x0000000082b00000| PB 0x0000000082b00000| Untracked 
|  22|0x0000000082c00000, 0x0000000082c00000, 0x0000000082d00000|  0%| F|  |TAMS 0x0000000082c00000| PB 0x0000000082c00000| Untracked 
|  23|0x0000000082d00000, 0x0000000082d00000, 0x0000000082e00000|  0%| F|  |TAMS 0x0000000082d00000| PB 0x0000000082d00000| Untracked 
|  24|0x0000000082e00000, 0x0000000082e00000, 0x0000000082f00000|  0%| F|  |TAMS 0x0000000082e00000| PB 0x0000000082e00000| Untracked 
|  25|0x0000000082f00000, 0x0000000082f00000, 0x0000000083000000|  0%| F|  |TAMS 0x0000000082f00000| PB 0x0000000082f00000| Untracked 
|  26|0x0000000083000000, 0x0000000083000000, 0x0000000083100000|  0%| F|  |TAMS 0x0000000083000000| PB 0x0000000083000000| Untracked 
|  27|0x0000000083100000, 0x0000000083100000, 0x0000000083200000|  0%| F|  |TAMS 0x0000000083100000| PB 0x0000000083100000| Untracked 
|  28|0x0000000083200000, 0x0000000083200000, 0x0000000083300000|  0%| F|  |TAMS 0x0000000083200000| PB 0x0000000083200000| Untracked 
|  29|0x0000000083300000, 0x0000000083300000, 0x0000000083400000|  0%| F|  |TAMS 0x0000000083300000| PB 0x0000000083300000| Untracked 
|  30|0x0000000083400000, 0x0000000083400000, 0x0000000083500000|  0%| F|  |TAMS 0x0000000083400000| PB 0x0000000083400000| Untracked 
|  31|0x0000000083500000, 0x0000000083500000, 0x0000000083600000|  0%| F|  |TAMS 0x0000000083500000| PB 0x0000000083500000| Untracked 
|  32|0x0000000083600000, 0x0000000083600000, 0x0000000083700000|  0%| F|  |TAMS 0x0000000083600000| PB 0x0000000083600000| Untracked 
|  33|0x0000000083700000, 0x0000000083700000, 0x0000000083800000|  0%| F|  |TAMS 0x0000000083700000| PB 0x0000000083700000| Untracked 
|  34|0x0000000083800000, 0x0000000083800000, 0x0000000083900000|  0%| F|  |TAMS 0x0000000083800000| PB 0x0000000083800000| Untracked 
|  35|0x0000000083900000, 0x0000000083900000, 0x0000000083a00000|  0%| F|  |TAMS 0x0000000083900000| PB 0x0000000083900000| Untracked 
|  36|0x0000000083a00000, 0x0000000083a00000, 0x0000000083b00000|  0%| F|  |TAMS 0x0000000083a00000| PB 0x0000000083a00000| Untracked 
|  37|0x0000000083b00000, 0x0000000083b00000, 0x0000000083c00000|  0%| F|  |TAMS 0x0000000083b00000| PB 0x0000000083b00000| Untracked 
|  38|0x0000000083c00000, 0x0000000083c00000, 0x0000000083d00000|  0%| F|  |TAMS 0x0000000083c00000| PB 0x0000000083c00000| Untracked 
|  39|0x0000000083d00000, 0x0000000083d00000, 0x0000000083e00000|  0%| F|  |TAMS 0x0000000083d00000| PB 0x0000000083d00000| Untracked 
|  40|0x0000000083e00000, 0x0000000083e00000, 0x0000000083f00000|  0%| F|  |TAMS 0x0000000083e00000| PB 0x0000000083e00000| Untracked 
|  41|0x0000000083f00000, 0x0000000083f00000, 0x0000000084000000|  0%| F|  |TAMS 0x0000000083f00000| PB 0x0000000083f00000| Untracked 
|  42|0x0000000084000000, 0x0000000084000000, 0x0000000084100000|  0%| F|  |TAMS 0x0000000084000000| PB 0x0000000084000000| Untracked 
|  43|0x0000000084100000, 0x0000000084100000, 0x0000000084200000|  0%| F|  |TAMS 0x0000000084100000| PB 0x0000000084100000| Untracked 
|  44|0x0000000084200000, 0x0000000084200000, 0x0000000084300000|  0%| F|  |TAMS 0x0000000084200000| PB 0x0000000084200000| Untracked 
|  45|0x0000000084300000, 0x0000000084300000, 0x0000000084400000|  0%| F|  |TAMS 0x0000000084300000| PB 0x0000000084300000| Untracked 
|  46|0x0000000084400000, 0x0000000084400000, 0x0000000084500000|  0%| F|  |TAMS 0x0000000084400000| PB 0x0000000084400000| Untracked 
|  47|0x0000000084500000, 0x0000000084500000, 0x0000000084600000|  0%| F|  |TAMS 0x0000000084500000| PB 0x0000000084500000| Untracked 
|  48|0x0000000084600000, 0x0000000084600000, 0x0000000084700000|  0%| F|  |TAMS 0x0000000084600000| PB 0x0000000084600000| Untracked 
|  49|0x0000000084700000, 0x0000000084700000, 0x0000000084800000|  0%| F|  |TAMS 0x0000000084700000| PB 0x0000000084700000| Untracked 
|  50|0x0000000084800000, 0x0000000084800000, 0x0000000084900000|  0%| F|  |TAMS 0x0000000084800000| PB 0x0000000084800000| Untracked 
|  51|0x0000000084900000, 0x0000000084900000, 0x0000000084a00000|  0%| F|  |TAMS 0x0000000084900000| PB 0x0000000084900000| Untracked 
|  52|0x0000000084a00000, 0x0000000084a00000, 0x0000000084b00000|  0%| F|  |TAMS 0x0000000084a00000| PB 0x0000000084a00000| Untracked 
|  53|0x0000000084b00000, 0x0000000084b00000, 0x0000000084c00000|  0%| F|  |TAMS 0x0000000084b00000| PB 0x0000000084b00000| Untracked 
|  54|0x0000000084c00000, 0x0000000084c00000, 0x0000000084d00000|  0%| F|  |TAMS 0x0000000084c00000| PB 0x0000000084c00000| Untracked 
|  55|0x0000000084d00000, 0x0000000084d00000, 0x0000000084e00000|  0%| F|  |TAMS 0x0000000084d00000| PB 0x0000000084d00000| Untracked 
|  56|0x0000000084e00000, 0x0000000084e00000, 0x0000000084f00000|  0%| F|  |TAMS 0x0000000084e00000| PB 0x0000000084e00000| Untracked 
|  57|0x0000000084f00000, 0x0000000084f00000, 0x0000000085000000|  0%| F|  |TAMS 0x0000000084f00000| PB 0x0000000084f00000| Untracked 
|  58|0x0000000085000000, 0x000000008504fbc8, 0x0000000085100000| 31%| E|  |TAMS 0x0000000085000000| PB 0x0000000085000000| Complete 
|  59|0x0000000085100000, 0x0000000085200000, 0x0000000085200000|100%| E|CS|TAMS 0x0000000085100000| PB 0x0000000085100000| Complete 
|  60|0x0000000085200000, 0x0000000085300000, 0x0000000085300000|100%| E|CS|TAMS 0x0000000085200000| PB 0x0000000085200000| Complete 
|  61|0x0000000085300000, 0x0000000085400000, 0x0000000085400000|100%| E|CS|TAMS 0x0000000085300000| PB 0x0000000085300000| Complete 
|  62|0x0000000085400000, 0x0000000085500000, 0x0000000085500000|100%| E|CS|TAMS 0x0000000085400000| PB 0x0000000085400000| Complete 
|  63|0x0000000085500000, 0x0000000085600000, 0x0000000085600000|100%| E|CS|TAMS 0x0000000085500000| PB 0x0000000085500000| Complete 
|  64|0x0000000085600000, 0x0000000085700000, 0x0000000085700000|100%| E|CS|TAMS 0x0000000085600000| PB 0x0000000085600000| Complete 
|  65|0x0000000085700000, 0x0000000085800000, 0x0000000085800000|100%| E|CS|TAMS 0x0000000085700000| PB 0x0000000085700000| Complete 
|  66|0x0000000085800000, 0x0000000085900000, 0x0000000085900000|100%| E|CS|TAMS 0x0000000085800000| PB 0x0000000085800000| Complete 
|  67|0x0000000085900000, 0x0000000085a00000, 0x0000000085a00000|100%| E|CS|TAMS 0x0000000085900000| PB 0x0000000085900000| Complete 
|  68|0x0000000085a00000, 0x0000000085b00000, 0x0000000085b00000|100%| E|CS|TAMS 0x0000000085a00000| PB 0x0000000085a00000| Complete 
|  69|0x0000000085b00000, 0x0000000085c00000, 0x0000000085c00000|100%| E|CS|TAMS 0x0000000085b00000| PB 0x0000000085b00000| Complete 
|  70|0x0000000085c00000, 0x0000000085d00000, 0x0000000085d00000|100%| E|CS|TAMS 0x0000000085c00000| PB 0x0000000085c00000| Complete 
|  71|0x0000000085d00000, 0x0000000085e00000, 0x0000000085e00000|100%| E|CS|TAMS 0x0000000085d00000| PB 0x0000000085d00000| Complete 
|  72|0x0000000085e00000, 0x0000000085f00000, 0x0000000085f00000|100%| E|CS|TAMS 0x0000000085e00000| PB 0x0000000085e00000| Complete 
|  73|0x0000000085f00000, 0x0000000086000000, 0x0000000086000000|100%| E|CS|TAMS 0x0000000085f00000| PB 0x0000000085f00000| Complete 
|  74|0x0000000086000000, 0x0000000086100000, 0x0000000086100000|100%| E|CS|TAMS 0x0000000086000000| PB 0x0000000086000000| Complete 
|  75|0x0000000086100000, 0x0000000086200000, 0x0000000086200000|100%| E|CS|TAMS 0x0000000086100000| PB 0x0000000086100000| Complete 
|  76|0x0000000086200000, 0x0000000086300000, 0x0000000086300000|100%| E|CS|TAMS 0x0000000086200000| PB 0x0000000086200000| Complete 
|  77|0x0000000086300000, 0x0000000086400000, 0x0000000086400000|100%| E|CS|TAMS 0x0000000086300000| PB 0x0000000086300000| Complete 
|  78|0x0000000086400000, 0x0000000086500000, 0x0000000086500000|100%| E|CS|TAMS 0x0000000086400000| PB 0x0000000086400000| Complete 
|  79|0x0000000086500000, 0x0000000086600000, 0x0000000086600000|100%| E|CS|TAMS 0x0000000086500000| PB 0x0000000086500000| Complete 
|  80|0x0000000086600000, 0x0000000086700000, 0x0000000086700000|100%| E|CS|TAMS 0x0000000086600000| PB 0x0000000086600000| Complete 
|  81|0x0000000086700000, 0x0000000086800000, 0x0000000086800000|100%| E|CS|TAMS 0x0000000086700000| PB 0x0000000086700000| Complete 
|  82|0x0000000086800000, 0x0000000086900000, 0x0000000086900000|100%| E|  |TAMS 0x0000000086800000| PB 0x0000000086800000| Complete 
|  83|0x0000000086900000, 0x0000000086a00000, 0x0000000086a00000|100%| E|CS|TAMS 0x0000000086900000| PB 0x0000000086900000| Complete 
|  84|0x0000000086a00000, 0x0000000086b00000, 0x0000000086b00000|100%| E|CS|TAMS 0x0000000086a00000| PB 0x0000000086a00000| Complete 
|  85|0x0000000086b00000, 0x0000000086c00000, 0x0000000086c00000|100%| E|CS|TAMS 0x0000000086b00000| PB 0x0000000086b00000| Complete 
|  86|0x0000000086c00000, 0x0000000086d00000, 0x0000000086d00000|100%| E|CS|TAMS 0x0000000086c00000| PB 0x0000000086c00000| Complete 
|  87|0x0000000086d00000, 0x0000000086e00000, 0x0000000086e00000|100%| E|CS|TAMS 0x0000000086d00000| PB 0x0000000086d00000| Complete 
|  88|0x0000000086e00000, 0x0000000086f00000, 0x0000000086f00000|100%| E|CS|TAMS 0x0000000086e00000| PB 0x0000000086e00000| Complete 
|  89|0x0000000086f00000, 0x0000000087000000, 0x0000000087000000|100%| E|CS|TAMS 0x0000000086f00000| PB 0x0000000086f00000| Complete 
|  90|0x0000000087000000, 0x0000000087100000, 0x0000000087100000|100%| E|CS|TAMS 0x0000000087000000| PB 0x0000000087000000| Complete 
|  91|0x0000000087100000, 0x0000000087200000, 0x0000000087200000|100%| E|CS|TAMS 0x0000000087100000| PB 0x0000000087100000| Complete 
|  92|0x0000000087200000, 0x0000000087300000, 0x0000000087300000|100%| E|CS|TAMS 0x0000000087200000| PB 0x0000000087200000| Complete 
|  93|0x0000000087300000, 0x0000000087400000, 0x0000000087400000|100%| E|CS|TAMS 0x0000000087300000| PB 0x0000000087300000| Complete 
|  94|0x0000000087400000, 0x0000000087500000, 0x0000000087500000|100%| E|CS|TAMS 0x0000000087400000| PB 0x0000000087400000| Complete 
|  95|0x0000000087500000, 0x0000000087600000, 0x0000000087600000|100%| E|CS|TAMS 0x0000000087500000| PB 0x0000000087500000| Complete 
|  96|0x0000000087600000, 0x0000000087700000, 0x0000000087700000|100%| E|CS|TAMS 0x0000000087600000| PB 0x0000000087600000| Complete 
|  97|0x0000000087700000, 0x0000000087800000, 0x0000000087800000|100%| E|CS|TAMS 0x0000000087700000| PB 0x0000000087700000| Complete 
|  98|0x0000000087800000, 0x0000000087900000, 0x0000000087900000|100%| E|CS|TAMS 0x0000000087800000| PB 0x0000000087800000| Complete 
|  99|0x0000000087900000, 0x0000000087a00000, 0x0000000087a00000|100%| E|CS|TAMS 0x0000000087900000| PB 0x0000000087900000| Complete 
| 100|0x0000000087a00000, 0x0000000087b00000, 0x0000000087b00000|100%| E|CS|TAMS 0x0000000087a00000| PB 0x0000000087a00000| Complete 
| 101|0x0000000087b00000, 0x0000000087c00000, 0x0000000087c00000|100%| E|CS|TAMS 0x0000000087b00000| PB 0x0000000087b00000| Complete 
| 102|0x0000000087c00000, 0x0000000087d00000, 0x0000000087d00000|100%| E|CS|TAMS 0x0000000087c00000| PB 0x0000000087c00000| Complete 
| 103|0x0000000087d00000, 0x0000000087e00000, 0x0000000087e00000|100%| E|CS|TAMS 0x0000000087d00000| PB 0x0000000087d00000| Complete 
| 104|0x0000000087e00000, 0x0000000087f00000, 0x0000000087f00000|100%| E|CS|TAMS 0x0000000087e00000| PB 0x0000000087e00000| Complete 
| 105|0x0000000087f00000, 0x0000000088000000, 0x0000000088000000|100%| E|CS|TAMS 0x0000000087f00000| PB 0x0000000087f00000| Complete 
| 106|0x0000000088000000, 0x0000000088100000, 0x0000000088100000|100%| E|CS|TAMS 0x0000000088000000| PB 0x0000000088000000| Complete 
| 107|0x0000000088100000, 0x0000000088200000, 0x0000000088200000|100%| E|CS|TAMS 0x0000000088100000| PB 0x0000000088100000| Complete 
| 108|0x0000000088200000, 0x0000000088300000, 0x0000000088300000|100%| E|CS|TAMS 0x0000000088200000| PB 0x0000000088200000| Complete 
| 109|0x0000000088300000, 0x0000000088400000, 0x0000000088400000|100%| E|CS|TAMS 0x0000000088300000| PB 0x0000000088300000| Complete 
| 110|0x0000000088400000, 0x00000000884a54e8, 0x0000000088500000| 64%| S|CS|TAMS 0x0000000088400000| PB 0x0000000088400000| Complete 
| 111|0x0000000088500000, 0x0000000088600000, 0x0000000088600000|100%| E|CS|TAMS 0x0000000088500000| PB 0x0000000088500000| Complete 
| 112|0x0000000088600000, 0x0000000088700000, 0x0000000088700000|100%| E|CS|TAMS 0x0000000088600000| PB 0x0000000088600000| Complete 
| 113|0x0000000088700000, 0x0000000088800000, 0x0000000088800000|100%| E|CS|TAMS 0x0000000088700000| PB 0x0000000088700000| Complete 
| 114|0x0000000088800000, 0x0000000088900000, 0x0000000088900000|100%| E|CS|TAMS 0x0000000088800000| PB 0x0000000088800000| Complete 
| 115|0x0000000088900000, 0x0000000088a00000, 0x0000000088a00000|100%| E|CS|TAMS 0x0000000088900000| PB 0x0000000088900000| Complete 
| 116|0x0000000088a00000, 0x0000000088b00000, 0x0000000088b00000|100%| E|CS|TAMS 0x0000000088a00000| PB 0x0000000088a00000| Complete 
| 117|0x0000000088b00000, 0x0000000088c00000, 0x0000000088c00000|100%| E|CS|TAMS 0x0000000088b00000| PB 0x0000000088b00000| Complete 
| 118|0x0000000088c00000, 0x0000000088d00000, 0x0000000088d00000|100%| E|CS|TAMS 0x0000000088c00000| PB 0x0000000088c00000| Complete 
| 119|0x0000000088d00000, 0x0000000088e00000, 0x0000000088e00000|100%| E|CS|TAMS 0x0000000088d00000| PB 0x0000000088d00000| Complete 
| 120|0x0000000088e00000, 0x0000000088f00000, 0x0000000088f00000|100%| E|CS|TAMS 0x0000000088e00000| PB 0x0000000088e00000| Complete 
| 121|0x0000000088f00000, 0x0000000089000000, 0x0000000089000000|100%| E|CS|TAMS 0x0000000088f00000| PB 0x0000000088f00000| Complete 
| 122|0x0000000089000000, 0x0000000089100000, 0x0000000089100000|100%| E|CS|TAMS 0x0000000089000000| PB 0x0000000089000000| Complete 
| 123|0x0000000089100000, 0x0000000089200000, 0x0000000089200000|100%| E|CS|TAMS 0x0000000089100000| PB 0x0000000089100000| Complete 
| 124|0x0000000089200000, 0x0000000089300000, 0x0000000089300000|100%| E|CS|TAMS 0x0000000089200000| PB 0x0000000089200000| Complete 
| 125|0x0000000089300000, 0x0000000089400000, 0x0000000089400000|100%| E|CS|TAMS 0x0000000089300000| PB 0x0000000089300000| Complete 
| 126|0x0000000089400000, 0x0000000089500000, 0x0000000089500000|100%| E|CS|TAMS 0x0000000089400000| PB 0x0000000089400000| Complete 
| 127|0x0000000089500000, 0x0000000089600000, 0x0000000089600000|100%| E|CS|TAMS 0x0000000089500000| PB 0x0000000089500000| Complete 

Card table byte_map: [0x000002c7c7590000,0x000002c7c7990000] _byte_map_base: 0x000002c7c7185000

Marking Bits: (CMBitMap*) 0x000002c7b014a6c0
 Bits: [0x000002c7c7d90000, 0x000002c7c9d38000)

Polling page: 0x000002c7af460000

Metaspace:

Usage:
  Non-class:     13.90 MB used.
      Class:      1.83 MB used.
       Both:     15.73 MB used.

Virtual space:
  Non-class space:       64.00 MB reserved,      14.00 MB ( 22%) committed,  1 nodes.
      Class space:        1.00 GB reserved,       1.94 MB ( <1%) committed,  1 nodes.
             Both:        1.06 GB reserved,      15.94 MB (  1%) committed. 

Chunk freelists:
   Non-Class:  1.51 MB
       Class:  1.90 MB
        Both:  3.42 MB

MaxMetaspaceSize: unlimited
CompressedClassSpaceSize: 1.00 GB
Initial GC threshold: 21.00 MB
Current GC threshold: 21.00 MB
CDS: on
MetaspaceReclaimPolicy: balanced
 - commit_granule_bytes: 65536.
 - commit_granule_words: 8192.
 - virtual_space_node_default_size: 8388608.
 - enlarge_chunks_in_place: 1.
 - new_chunks_are_fully_committed: 0.
 - uncommit_free_chunks: 1.
 - use_allocation_guard: 0.


Internal statistics:

num_allocs_failed_limit: 0.
num_arena_births: 170.
num_arena_deaths: 0.
num_vsnodes_births: 2.
num_vsnodes_deaths: 0.
num_space_committed: 255.
num_space_uncommitted: 0.
num_chunks_returned_to_freelist: 0.
num_chunks_taken_from_freelist: 714.
num_chunk_merges: 0.
num_chunk_splits: 497.
num_chunks_enlarged: 407.
num_inconsistent_stats: 0.

CodeHeap 'non-profiled nmethods': size=120000Kb used=1419Kb max_used=1419Kb free=118580Kb
 bounds [0x000002c7bfc60000, 0x000002c7bfed0000, 0x000002c7c7190000]
CodeHeap 'profiled nmethods': size=120000Kb used=7109Kb max_used=7109Kb free=112890Kb
 bounds [0x000002c7b8190000, 0x000002c7b8890000, 0x000002c7bf6c0000]
CodeHeap 'non-nmethods': size=5760Kb used=1459Kb max_used=1486Kb free=4300Kb
 bounds [0x000002c7bf6c0000, 0x000002c7bf930000, 0x000002c7bfc60000]
 total_blobs=4052 nmethods=3561 adapters=401
 compilation: enabled
              stopped_count=0, restarted_count=0
 full_count=0

Compilation events (20 events):
Event: 2.542 Thread 0x000002c7cc24b820 3429   !   3       org.codehaus.plexus.classworlds.realm.ClassRealm::loadClass (33 bytes)
Event: 2.542 Thread 0x000002c7cc24b820 nmethod 3429 0x000002c7b8830c10 code [0x000002c7b8830dc0, 0x000002c7b8831048]
Event: 2.542 Thread 0x000002c7cc24b820 3430   !   3       org.codehaus.plexus.classworlds.realm.ClassRealm::unsynchronizedLoadClass (19 bytes)
Event: 2.542 Thread 0x000002c7cc24b820 nmethod 3430 0x000002c7b8831210 code [0x000002c7b88313c0, 0x000002c7b88315d8]
Event: 2.547 Thread 0x000002c7cc24b820 3431       3       java.util.Collections$SynchronizedCollection::<init> (24 bytes)
Event: 2.547 Thread 0x000002c7cc24b820 nmethod 3431 0x000002c7b8831710 code [0x000002c7b88318e0, 0x000002c7b8831ec8]
Event: 2.548 Thread 0x000002c7cc24b820 3432       3       java.util.Properties::entrySet (19 bytes)
Event: 2.548 Thread 0x000002c7cc24b820 nmethod 3432 0x000002c7b8832090 code [0x000002c7b8832280, 0x000002c7b88328e0]
Event: 2.548 Thread 0x000002c7cc24b820 3433       3       java.util.Properties$EntrySet::iterator (10 bytes)
Event: 2.548 Thread 0x000002c7cc24b820 nmethod 3433 0x000002c7b8832b10 code [0x000002c7b8832ca0, 0x000002c7b8832e70]
Event: 2.548 Thread 0x000002c811f41580 nmethod 3426 0x000002c7bfdae990 code [0x000002c7bfdaeb80, 0x000002c7bfdaf458]
Event: 2.554 Thread 0x000002c811f41580 3434       4       java.util.TreeMap$PrivateEntryIterator::nextEntry (54 bytes)
Event: 2.558 Thread 0x000002c811f41580 nmethod 3434 0x000002c7bfdafa90 code [0x000002c7bfdafc00, 0x000002c7bfdaff08]
Event: 2.558 Thread 0x000002c811f41580 3435       4       java.util.TreeMap::successor (66 bytes)
Event: 2.559 Thread 0x000002c811f41580 nmethod 3435 0x000002c7bfdb0090 code [0x000002c7bfdb0200, 0x000002c7bfdb02e8]
Event: 2.559 Thread 0x000002c811f41580 3436       4       java.util.concurrent.ConcurrentHashMap::addCount (280 bytes)
Event: 2.559 Thread 0x000002c7cc24b820 3437       3       org.netbeans.shaded.json.simple.JSONValue::escape (276 bytes)
Event: 2.561 Thread 0x000002c7cc24b820 nmethod 3437 0x000002c7b8832f10 code [0x000002c7b8833340, 0x000002c7b8835868]
Event: 2.561 Thread 0x000002c7cc24b820 3438       1       org.eclipse.aether.internal.impl.SimpleLocalRepositoryManager::getRepository (5 bytes)
Event: 2.561 Thread 0x000002c7cc24b820 nmethod 3438 0x000002c7bfdb0410 code [0x000002c7bfdb0580, 0x000002c7bfdb0648]

GC Heap History (4 events):
Event: 0.507 GC heap before
{Heap before GC invocations=0 (full 0):
 garbage-first heap   total 131072K, used 13312K [0x0000000081600000, 0x0000000100000000)
  region size 1024K, 13 young (13312K), 0 survivors (0K)
 Metaspace       used 3672K, committed 3840K, reserved 1114112K
  class space    used 375K, committed 448K, reserved 1048576K
}
Event: 0.510 GC heap after
{Heap after GC invocations=1 (full 0):
 garbage-first heap   total 131072K, used 3243K [0x0000000081600000, 0x0000000100000000)
  region size 1024K, 2 young (2048K), 2 survivors (2048K)
 Metaspace       used 3672K, committed 3840K, reserved 1114112K
  class space    used 375K, committed 448K, reserved 1048576K
}
Event: 0.836 GC heap before
{Heap before GC invocations=1 (full 0):
 garbage-first heap   total 131072K, used 18603K [0x0000000081600000, 0x0000000100000000)
  region size 1024K, 17 young (17408K), 2 survivors (2048K)
 Metaspace       used 5855K, committed 6016K, reserved 1114112K
  class space    used 676K, committed 768K, reserved 1048576K
}
Event: 0.840 GC heap after
{Heap after GC invocations=2 (full 0):
 garbage-first heap   total 131072K, used 4034K [0x0000000081600000, 0x0000000100000000)
  region size 1024K, 1 young (1024K), 1 survivors (1024K)
 Metaspace       used 5855K, committed 6016K, reserved 1114112K
  class space    used 676K, committed 768K, reserved 1048576K
}

Dll operation events (8 events):
Event: 0.011 Loaded shared library C:\Program Files\Java\jdk-20\bin\java.dll
Event: 0.032 Loaded shared library C:\Program Files\Java\jdk-20\bin\jsvml.dll
Event: 0.065 Loaded shared library C:\Program Files\Java\jdk-20\bin\net.dll
Event: 0.069 Loaded shared library C:\Program Files\Java\jdk-20\bin\nio.dll
Event: 0.074 Loaded shared library C:\Program Files\Java\jdk-20\bin\zip.dll
Event: 0.210 Loaded shared library C:\Program Files\Java\jdk-20\bin\jimage.dll
Event: 0.222 Loaded shared library C:\Program Files\NetBeans-18\netbeans\java\maven\lib\jansi-native\Windows\x86_64\jansi.dll
Event: 0.234 Loaded shared library C:\Program Files\Java\jdk-20\bin\verify.dll

Deoptimization events (20 events):
Event: 2.391 Thread 0x000002c7b00e8170 Uncommon trap: trap_request=0xffffffde fr.pc=0x000002c7bfd3a8fc relative=0x000000000000007c
Event: 2.391 Thread 0x000002c7b00e8170 Uncommon trap: reason=class_check action=maybe_recompile pc=0x000002c7bfd3a8fc method=com.google.inject.internal.LinkedBindingImpl.acceptTargetVisitor(Lcom/google/inject/spi/BindingTargetVisitor;)Ljava/lang/Object; @ 2 c2
Event: 2.391 Thread 0x000002c7b00e8170 DEOPT PACKING pc=0x000002c7bfd3a8fc sp=0x000000faaecfda70
Event: 2.391 Thread 0x000002c7b00e8170 DEOPT UNPACKING pc=0x000002c7bf729d22 sp=0x000000faaecfd9f8 mode 2
Event: 2.391 Thread 0x000002c7b00e8170 Uncommon trap: trap_request=0xffffffde fr.pc=0x000002c7bfd3a8fc relative=0x000000000000007c
Event: 2.391 Thread 0x000002c7b00e8170 Uncommon trap: reason=class_check action=maybe_recompile pc=0x000002c7bfd3a8fc method=com.google.inject.internal.LinkedBindingImpl.acceptTargetVisitor(Lcom/google/inject/spi/BindingTargetVisitor;)Ljava/lang/Object; @ 2 c2
Event: 2.391 Thread 0x000002c7b00e8170 DEOPT PACKING pc=0x000002c7bfd3a8fc sp=0x000000faaecfda70
Event: 2.391 Thread 0x000002c7b00e8170 DEOPT UNPACKING pc=0x000002c7bf729d22 sp=0x000000faaecfd9f8 mode 2
Event: 2.401 Thread 0x000002c7b00e8170 Uncommon trap: trap_request=0xffffffde fr.pc=0x000002c7bfd3a8fc relative=0x000000000000007c
Event: 2.402 Thread 0x000002c7b00e8170 Uncommon trap: reason=class_check action=maybe_recompile pc=0x000002c7bfd3a8fc method=com.google.inject.internal.LinkedBindingImpl.acceptTargetVisitor(Lcom/google/inject/spi/BindingTargetVisitor;)Ljava/lang/Object; @ 2 c2
Event: 2.402 Thread 0x000002c7b00e8170 DEOPT PACKING pc=0x000002c7bfd3a8fc sp=0x000000faaecfda70
Event: 2.402 Thread 0x000002c7b00e8170 DEOPT UNPACKING pc=0x000002c7bf729d22 sp=0x000000faaecfd9f8 mode 2
Event: 2.402 Thread 0x000002c7b00e8170 Uncommon trap: trap_request=0xffffffde fr.pc=0x000002c7bfd3a8fc relative=0x000000000000007c
Event: 2.402 Thread 0x000002c7b00e8170 Uncommon trap: reason=class_check action=maybe_recompile pc=0x000002c7bfd3a8fc method=com.google.inject.internal.LinkedBindingImpl.acceptTargetVisitor(Lcom/google/inject/spi/BindingTargetVisitor;)Ljava/lang/Object; @ 2 c2
Event: 2.402 Thread 0x000002c7b00e8170 DEOPT PACKING pc=0x000002c7bfd3a8fc sp=0x000000faaecfda70
Event: 2.402 Thread 0x000002c7b00e8170 DEOPT UNPACKING pc=0x000002c7bf729d22 sp=0x000000faaecfd9f8 mode 2
Event: 2.474 Thread 0x000002c7b00e8170 DEOPT PACKING pc=0x000002c7b8259ba4 sp=0x000000faaecf8df0
Event: 2.474 Thread 0x000002c7b00e8170 DEOPT UNPACKING pc=0x000002c7bf72a4c2 sp=0x000000faaecf8228 mode 0
Event: 2.474 Thread 0x000002c7b00e8170 DEOPT PACKING pc=0x000002c7b82597bc sp=0x000000faaecf8e60
Event: 2.474 Thread 0x000002c7b00e8170 DEOPT UNPACKING pc=0x000002c7bf72a4c2 sp=0x000000faaecf82f8 mode 0

Classes loaded (20 events):
Event: 2.395 Loading class org/w3c/dom/Node
Event: 2.395 Loading class org/w3c/dom/Node done
Event: 2.395 Loading class javax/xml/parsers/ParserConfigurationException
Event: 2.395 Loading class javax/xml/parsers/ParserConfigurationException done
Event: 2.395 Loading class org/xml/sax/SAXException
Event: 2.396 Loading class org/xml/sax/SAXException done
Event: 2.396 Loading class org/w3c/dom/Document
Event: 2.396 Loading class org/w3c/dom/Document done
Event: 2.396 Loading class org/w3c/dom/Element
Event: 2.396 Loading class org/w3c/dom/Element done
Event: 2.449 Loading class java/util/LinkedList$LLSpliterator
Event: 2.449 Loading class java/util/LinkedList$LLSpliterator done
Event: 2.470 Loading class java/net/URISyntaxException
Event: 2.470 Loading class java/net/URISyntaxException done
Event: 2.479 Loading class jdk/internal/reflect/MethodHandleBooleanFieldAccessorImpl
Event: 2.480 Loading class jdk/internal/reflect/MethodHandleBooleanFieldAccessorImpl done
Event: 2.509 Loading class java/lang/Character$UnicodeBlock
Event: 2.510 Loading class java/lang/Character$Subset
Event: 2.510 Loading class java/lang/Character$Subset done
Event: 2.510 Loading class java/lang/Character$UnicodeBlock done

Classes unloaded (0 events):
No events

Classes redefined (0 events):
No events

Internal exceptions (20 events):
Event: 1.416 Thread 0x000002c7b00e8170 Exception <a 'java/lang/NoSuchMethodError'{0x0000000087b225a0}: 'java.lang.Object java.lang.invoke.DirectMethodHandle$Holder.invokeSpecial(java.lang.Object, java.lang.Object, java.lang.Object, java.lang.Object, long)'> (0x0000000087b225a0) 
thrown [s\open\src\hotspot\share\interpreter\linkResolver.cpp, line 773]
Event: 1.417 Thread 0x000002c7b00e8170 Exception <a 'java/lang/NoSuchMethodError'{0x0000000087b2e090}: 'java.lang.Object java.lang.invoke.DirectMethodHandle$Holder.invokeSpecial(java.lang.Object, java.lang.Object, java.lang.Object, int, java.lang.Object)'> (0x0000000087b2e090) 
thrown [s\open\src\hotspot\share\interpreter\linkResolver.cpp, line 773]
Event: 1.418 Thread 0x000002c7b00e8170 Exception <a 'java/lang/NoSuchMethodError'{0x0000000087b361b0}: 'int java.lang.invoke.DirectMethodHandle$Holder.invokeSpecial(java.lang.Object, java.lang.Object, java.lang.Object, int)'> (0x0000000087b361b0) 
thrown [s\open\src\hotspot\share\interpreter\linkResolver.cpp, line 773]
Event: 1.421 Thread 0x000002c7b00e8170 Implicit null exception at 0x000002c7bfccc71d to 0x000002c7bfccc874
Event: 1.423 Thread 0x000002c7b00e8170 Exception <a 'java/lang/NoSuchMethodError'{0x0000000087b5b2d0}: 'java.lang.Object java.lang.invoke.Invokers$Holder.invokeExact_MT(java.lang.Object, int, java.lang.Object)'> (0x0000000087b5b2d0) 
thrown [s\open\src\hotspot\share\interpreter\linkResolver.cpp, line 773]
Event: 1.433 Thread 0x000002c7b00e8170 Exception <a 'java/lang/NoSuchMethodError'{0x0000000087be3308}: 'void java.lang.invoke.DirectMethodHandle$Holder.invokeStatic(java.lang.Object, java.lang.Object)'> (0x0000000087be3308) 
thrown [s\open\src\hotspot\share\interpreter\linkResolver.cpp, line 773]
Event: 1.619 Thread 0x000002c7b00e8170 Exception <a 'java/lang/NoSuchMethodError'{0x0000000087330ff8}: 'void java.lang.invoke.Invokers$Holder.invokeExact_MT(java.lang.Object, java.lang.Object, java.lang.Object, java.lang.Object)'> (0x0000000087330ff8) 
thrown [s\open\src\hotspot\share\interpreter\linkResolver.cpp, line 773]
Event: 1.639 Thread 0x000002c7b00e8170 Exception <a 'java/lang/NoClassDefFoundError'{0x00000000873bf058}: com/google/inject/servlet/ServletModuleTargetVisitor> (0x00000000873bf058) 
thrown [s\open\src\hotspot\share\classfile\systemDictionary.cpp, line 294]
Event: 1.712 Thread 0x000002c7b00e8170 Exception <a 'java/lang/NoSuchMethodError'{0x000000008706b8c0}: 'void java.lang.invoke.DirectMethodHandle$Holder.invokeVirtual(java.lang.Object, java.lang.Object)'> (0x000000008706b8c0) 
thrown [s\open\src\hotspot\share\interpreter\linkResolver.cpp, line 773]
Event: 1.738 Thread 0x000002c7b00e8170 Exception <a 'java/lang/NoSuchMethodError'{0x00000000870f9770}: 'java.lang.Object java.lang.invoke.DirectMethodHandle$Holder.invokeStaticInit(java.lang.Object, int, int, int, int)'> (0x00000000870f9770) 
thrown [s\open\src\hotspot\share\interpreter\linkResolver.cpp, line 773]
Event: 1.902 Thread 0x000002c7b00e8170 Exception <a 'java/lang/NoSuchMethodError'{0x000000008692f0f0}: 'void java.lang.invoke.DirectMethodHandle$Holder.invokeVirtual(java.lang.Object, java.lang.Object, int)'> (0x000000008692f0f0) 
thrown [s\open\src\hotspot\share\interpreter\linkResolver.cpp, line 773]
Event: 1.903 Thread 0x000002c7b00e8170 Exception <a 'java/lang/NoSuchMethodError'{0x00000000869360c0}: 'void java.lang.invoke.DelegatingMethodHandle$Holder.reinvoke_L(java.lang.Object, java.lang.Object, int)'> (0x00000000869360c0) 
thrown [s\open\src\hotspot\share\interpreter\linkResolver.cpp, line 773]
Event: 1.977 Thread 0x000002c7b00e8170 Implicit null exception at 0x000002c7bfcf7faa to 0x000002c7bfcf815c
Event: 2.181 Thread 0x000002c7b00e8170 Implicit null exception at 0x000002c7bfd429fa to 0x000002c7bfd42bd4
Event: 2.181 Thread 0x000002c7b00e8170 Implicit null exception at 0x000002c7bfd6ef4d to 0x000002c7bfd6f770
Event: 2.181 Thread 0x000002c7b00e8170 Implicit null exception at 0x000002c7bfd5f2fa to 0x000002c7bfd5f4d8
Event: 2.228 Thread 0x000002c7b00e8170 Exception <a 'java/lang/NoSuchMethodError'{0x00000000860918c0}: 'java.lang.Object java.lang.invoke.DirectMethodHandle$Holder.newInvokeSpecial(java.lang.Object, java.lang.Object, java.lang.Object, java.lang.Object, java.lang.Object, java.lang.Object, java.lang.Object)'> (0x00000000860918c0) 
thrown [s\open\src\hotspot\share\interpreter\linkResolver.cpp, line 773]
Event: 2.453 Thread 0x000002c7b00e8170 Exception <a 'java/lang/NoSuchMethodError'{0x00000000857499f0}: 'int java.lang.invoke.DirectMethodHandle$Holder.invokeVirtual(java.lang.Object, java.lang.Object)'> (0x00000000857499f0) 
thrown [s\open\src\hotspot\share\interpreter\linkResolver.cpp, line 773]
Event: 2.455 Thread 0x000002c7b00e8170 Exception <a 'java/lang/NoSuchMethodError'{0x000000008574f800}: 'void java.lang.invoke.DirectMethodHandle$Holder.invokeSpecial(java.lang.Object, java.lang.Object, java.lang.Object, java.lang.Object, java.lang.Object)'> (0x000000008574f800) 
thrown [s\open\src\hotspot\share\interpreter\linkResolver.cpp, line 773]
Event: 2.482 Thread 0x000002c7b00e8170 Exception <a 'java/lang/NoSuchMethodError'{0x000000008560c788}: 'void java.lang.invoke.Invokers$Holder.invokeExact_MT(java.lang.Object, java.lang.Object, int, java.lang.Object)'> (0x000000008560c788) 
thrown [s\open\src\hotspot\share\interpreter\linkResolver.cpp, line 773]

VM Operations (20 events):
Event: 1.754 Executing VM operation: HandshakeAllThreads
Event: 1.754 Executing VM operation: HandshakeAllThreads done
Event: 1.783 Executing VM operation: HandshakeAllThreads
Event: 1.783 Executing VM operation: HandshakeAllThreads done
Event: 1.824 Executing VM operation: HandshakeAllThreads
Event: 1.824 Executing VM operation: HandshakeAllThreads done
Event: 1.825 Executing VM operation: HandshakeAllThreads
Event: 1.825 Executing VM operation: HandshakeAllThreads done
Event: 1.912 Executing VM operation: ICBufferFull
Event: 1.912 Executing VM operation: ICBufferFull done
Event: 1.957 Executing VM operation: HandshakeAllThreads
Event: 1.957 Executing VM operation: HandshakeAllThreads done
Event: 1.957 Executing VM operation: HandshakeAllThreads
Event: 1.957 Executing VM operation: HandshakeAllThreads done
Event: 2.255 Executing VM operation: ICBufferFull
Event: 2.255 Executing VM operation: ICBufferFull done
Event: 2.474 Executing VM operation: HandshakeAllThreads
Event: 2.474 Executing VM operation: HandshakeAllThreads done
Event: 2.560 Executing VM operation: ICBufferFull
Event: 2.560 Executing VM operation: ICBufferFull done

Events (12 events):
Event: 0.032 Thread 0x000002c7b00e8170 Thread added: 0x000002c7b00e8170
Event: 0.044 Thread 0x000002c7cc23a080 Thread added: 0x000002c7cc23a080
Event: 0.045 Thread 0x000002c7cc23b020 Thread added: 0x000002c7cc23b020
Event: 0.045 Thread 0x000002c7cc2401c0 Thread added: 0x000002c7cc2401c0
Event: 0.045 Thread 0x000002c7cc243210 Thread added: 0x000002c7cc243210
Event: 0.045 Thread 0x000002c7cc2464a0 Thread added: 0x000002c7cc2464a0
Event: 0.045 Thread 0x000002c7cc249590 Thread added: 0x000002c7cc249590
Event: 0.045 Thread 0x000002c7cc2598f0 Thread added: 0x000002c7cc2598f0
Event: 0.045 Thread 0x000002c7cc24b820 Thread added: 0x000002c7cc24b820
Event: 0.058 Thread 0x000002c81152e1a0 Thread added: 0x000002c81152e1a0
Event: 0.060 Thread 0x000002c81153f720 Thread added: 0x000002c81153f720
Event: 0.634 Thread 0x000002c811f41580 Thread added: 0x000002c811f41580


Dynamic libraries:
0x00007ff7e0620000 - 0x00007ff7e0630000 	C:\Program Files\Java\jdk-20\bin\java.exe
0x00007ffef64f0000 - 0x00007ffef66e7000 	C:\Windows\SYSTEM32\ntdll.dll
0x00007ffef4700000 - 0x00007ffef47bd000 	C:\Windows\System32\KERNEL32.DLL
0x00007ffef3f10000 - 0x00007ffef4206000 	C:\Windows\System32\KERNELBASE.dll
0x00007ffef3c50000 - 0x00007ffef3d50000 	C:\Windows\System32\ucrtbase.dll
0x00007ffeed5b0000 - 0x00007ffeed5c9000 	C:\Program Files\Java\jdk-20\bin\jli.dll
0x00007ffea8510000 - 0x00007ffea852b000 	C:\Program Files\Java\jdk-20\bin\VCRUNTIME140.dll
0x00007ffef5560000 - 0x00007ffef560e000 	C:\Windows\System32\ADVAPI32.dll
0x00007ffef5080000 - 0x00007ffef511e000 	C:\Windows\System32\msvcrt.dll
0x00007ffef4fd0000 - 0x00007ffef506c000 	C:\Windows\System32\sechost.dll
0x00007ffef5670000 - 0x00007ffef5796000 	C:\Windows\System32\RPCRT4.dll
0x00007ffef4d00000 - 0x00007ffef4e9e000 	C:\Windows\System32\USER32.dll
0x00007ffef3bd0000 - 0x00007ffef3bf2000 	C:\Windows\System32\win32u.dll
0x00007ffee86e0000 - 0x00007ffee897a000 	C:\Windows\WinSxS\amd64_microsoft.windows.common-controls_6595b64144ccf1df_6.0.19041.3570_none_60bb2a3971f3e41a\COMCTL32.dll
0x00007ffef47c0000 - 0x00007ffef47ec000 	C:\Windows\System32\GDI32.dll
0x00007ffef3df0000 - 0x00007ffef3f0a000 	C:\Windows\System32\gdi32full.dll
0x00007ffef3d50000 - 0x00007ffef3ded000 	C:\Windows\System32\msvcp_win.dll
0x00007ffee96b0000 - 0x00007ffee96ba000 	C:\Windows\SYSTEM32\VERSION.dll
0x00007ffef4970000 - 0x00007ffef49a0000 	C:\Windows\System32\IMM32.DLL
0x00007ffed9a20000 - 0x00007ffed9ac4000 	C:\Program Files\McAfee\Endpoint Security\Threat Prevention\Ips\EpMPApi.dll
0x00007ffef44e0000 - 0x00007ffef4547000 	C:\Windows\System32\WINTRUST.dll
0x00007ffef42f0000 - 0x00007ffef444d000 	C:\Windows\System32\CRYPT32.dll
0x00007ffef37a0000 - 0x00007ffef37b2000 	C:\Windows\SYSTEM32\MSASN1.dll
0x0000000074b10000 - 0x0000000074b1c000 	C:\Program Files\McAfee\Endpoint Security\Threat Prevention\Ips\EpMPThe.dll
0x00007ffed9b80000 - 0x00007ffed9bdb000 	C:\Program Files\McAfee\Endpoint Security\Threat Prevention\Ips\HIPHandlers64.dll
0x00007ffef57a0000 - 0x00007ffef5ee4000 	C:\Windows\System32\SHELL32.dll
0x00007ffef5610000 - 0x00007ffef5665000 	C:\Windows\System32\SHLWAPI.dll
0x00007ffeecf40000 - 0x00007ffeed124000 	C:\Windows\SYSTEM32\dbghelp.dll
0x00007ffed2d40000 - 0x00007ffed2d4c000 	C:\Program Files\Java\jdk-20\bin\vcruntime140_1.dll
0x00007ffea80b0000 - 0x00007ffea813e000 	C:\Program Files\Java\jdk-20\bin\msvcp140.dll
0x00007ffe9e8d0000 - 0x00007ffe9f568000 	C:\Program Files\Java\jdk-20\bin\server\jvm.dll
0x00007ffee9120000 - 0x00007ffee9147000 	C:\Windows\SYSTEM32\WINMM.dll
0x00007ffed18d0000 - 0x00007ffed18d9000 	C:\Windows\SYSTEM32\WSOCK32.dll
0x00007ffef4900000 - 0x00007ffef496b000 	C:\Windows\System32\WS2_32.dll
0x00007ffef17d0000 - 0x00007ffef17e2000 	C:\Windows\SYSTEM32\kernel.appcore.dll
0x00007ffea8490000 - 0x00007ffea849a000 	C:\Program Files\Java\jdk-20\bin\jimage.dll
0x00007ffeec6f0000 - 0x00007ffeec724000 	C:\Windows\SYSTEM32\dbgcore.DLL
0x00007ffef4450000 - 0x00007ffef44d2000 	C:\Windows\System32\bcryptPrimitives.dll
0x00007ffea84a0000 - 0x00007ffea84c6000 	C:\Program Files\Java\jdk-20\bin\java.dll
0x00007ffea8360000 - 0x00007ffea8437000 	C:\Program Files\Java\jdk-20\bin\jsvml.dll
0x00007ffef1ab0000 - 0x00007ffef224b000 	C:\Windows\SYSTEM32\windows.storage.dll
0x00007ffef49a0000 - 0x00007ffef4cf4000 	C:\Windows\System32\combase.dll
0x00007ffef3610000 - 0x00007ffef363d000 	C:\Windows\SYSTEM32\Wldp.dll
0x00007ffef54b0000 - 0x00007ffef555d000 	C:\Windows\System32\SHCORE.dll
0x00007ffef3b00000 - 0x00007ffef3b25000 	C:\Windows\SYSTEM32\profapi.dll
0x00007ffea8340000 - 0x00007ffea8353000 	C:\Program Files\Java\jdk-20\bin\net.dll
0x00007ffeebe90000 - 0x00007ffeebf9a000 	C:\Windows\SYSTEM32\WINHTTP.dll
0x00007ffef3370000 - 0x00007ffef33da000 	C:\Windows\system32\mswsock.dll
0x00007ffea8320000 - 0x00007ffea8336000 	C:\Program Files\Java\jdk-20\bin\nio.dll
0x00007ffea8300000 - 0x00007ffea8318000 	C:\Program Files\Java\jdk-20\bin\zip.dll
0x0000000069ac0000 - 0x0000000069ae4000 	C:\Program Files\NetBeans-18\netbeans\java\maven\lib\jansi-native\Windows\x86_64\jansi.dll
0x00007ffea82f0000 - 0x00007ffea8300000 	C:\Program Files\Java\jdk-20\bin\verify.dll

dbghelp: loaded successfully - version: 4.0.5 - missing functions: none
symbol engine: initialized successfully - sym options: 0x614 - pdb path: .;C:\Program Files\Java\jdk-20\bin;C:\Windows\SYSTEM32;C:\Windows\WinSxS\amd64_microsoft.windows.common-controls_6595b64144ccf1df_6.0.19041.3570_none_60bb2a3971f3e41a;C:\Program Files\McAfee\Endpoint Security\Threat Prevention\Ips;C:\Program Files\Java\jdk-20\bin\server;C:\Program Files\NetBeans-18\netbeans\java\maven\lib\jansi-native\Windows\x86_64

VM Arguments:
jvm_args: -Dclassworlds.conf=C:\Program Files\NetBeans-18\netbeans\java\maven\bin\m2.conf -Dmaven.home=C:\Program Files\NetBeans-18\netbeans\java\maven -Dlibrary.jansi.path=C:\Program Files\NetBeans-18\netbeans\java\maven\lib\jansi-native -Dmaven.multiModuleProjectDirectory=C:\Users\vicentin.7910\Documents\NetBeansProjects\SistemaPedidos 
java_command: org.codehaus.plexus.classworlds.launcher.Launcher -Dexec.vmArgs= -Dexec.args=${exec.vmArgs} -classpath %classpath ${exec.mainClass} ${exec.appArgs} -Dexec.executable=C:\Program Files\Java\jdk-20\bin\java.exe -Dexec.mainClass=com.mycompany.visao.EstadoCivil.CadEstadoCivil -Dexec.classpathScope=runtime -Dexec.appArgs= -Dmaven.ext.class.path=C:\Program Files\NetBeans-18\netbeans\java\maven-nblib\netbeans-eventspy.jar --no-transfer-progress process-classes org.codehaus.mojo:exec-maven-plugin:3.1.0:exec
java_class_path (initial): C:\Program Files\NetBeans-18\netbeans\java\maven\boot\plexus-classworlds-2.6.0.jar
Launcher Type: SUN_STANDARD

[Global flags]
     intx CICompilerCount                          = 3                                         {product} {ergonomic}
     uint ConcGCThreads                            = 1                                         {product} {ergonomic}
     uint G1ConcRefinementThreads                  = 4                                         {product} {ergonomic}
   size_t G1HeapRegionSize                         = 1048576                                   {product} {ergonomic}
    uintx GCDrainStackTargetSize                   = 64                                        {product} {ergonomic}
   size_t InitialHeapSize                          = 134217728                                 {product} {ergonomic}
   size_t MarkStackSize                            = 4194304                                   {product} {ergonomic}
   size_t MaxHeapSize                              = 2124414976                                {product} {ergonomic}
   size_t MaxNewSize                               = 1274019840                                {product} {ergonomic}
   size_t MinHeapDeltaBytes                        = 1048576                                   {product} {ergonomic}
   size_t MinHeapSize                              = 8388608                                   {product} {ergonomic}
    uintx NonNMethodCodeHeapSize                   = 5832780                                {pd product} {ergonomic}
    uintx NonProfiledCodeHeapSize                  = 122912730                              {pd product} {ergonomic}
    uintx ProfiledCodeHeapSize                     = 122912730                              {pd product} {ergonomic}
    uintx ReservedCodeCacheSize                    = 251658240                              {pd product} {ergonomic}
     bool SegmentedCodeCache                       = true                                      {product} {ergonomic}
   size_t SoftMaxHeapSize                          = 2124414976                             {manageable} {ergonomic}
     bool UseCompressedClassPointers               = true                           {product lp64_product} {ergonomic}
     bool UseCompressedOops                        = true                           {product lp64_product} {ergonomic}
     bool UseG1GC                                  = true                                      {product} {ergonomic}
     bool UseLargePagesIndividualAllocation        = false                                  {pd product} {ergonomic}

Logging:
Log output configuration:
 #0: stdout all=warning uptime,level,tags foldmultilines=false
 #1: stderr all=off uptime,level,tags foldmultilines=false

Environment Variables:
JAVA_HOME=C:\Program Files\Java\jdk-20
PATH=C:\Program Files\Common Files\Oracle\Java\javapath;C:\Program Files\Python310\Scripts\;C:\Program Files\Python310\;C:\Program Files (x86)\Common Files\Oracle\Java\javapath;C:\Windows\system32;C:\Windows;C:\Windows\System32\Wbem;C:\Windows\System32\WindowsPowerShell\v1.0\;C:\Windows\System32\OpenSSH\;C:\Program Files\nodejs\;C:\Program Files\Git\cmd;C:\Users\vicentin.7910\AppData\Local\Microsoft\WindowsApps;
USERNAME=vicentin.7910
OS=Windows_NT
PROCESSOR_IDENTIFIER=Intel64 Family 6 Model 60 Stepping 3, GenuineIntel
TMP=C:\Users\VICENT~1.791\AppData\Local\Temp
TEMP=C:\Users\VICENT~1.791\AppData\Local\Temp




---------------  S Y S T E M  ---------------

OS:
 Windows 10 , 64 bit Build 19041 (10.0.19041.3570)
OS uptime: 1 days 21:41 hours

CPU: total 4 (initial active 4) (4 cores per cpu, 1 threads per core) family 6 model 60 stepping 3 microcode 0x27, cx8, cmov, fxsr, mmx, sse, sse2, sse3, ssse3, sse4.1, sse4.2, popcnt, lzcnt, tsc, tscinvbit, avx, avx2, aes, erms, clmul, bmi1, bmi2, fma, vzeroupper, clflush, rdtscp, f16c

Memory: 4k page, system-wide physical 8098M (1720M free)
TotalPageFile size 9378M (AvailPageFile size 1601M)
current process WorkingSet (physical memory assigned to process): 730M, peak: 730M
current process commit charge ("private bytes"): 820M, peak: 822M

vm_info: Java HotSpot(TM) 64-Bit Server VM (20.0.2+9-78) for windows-amd64 JRE (20.0.2+9-78), built on 2023-06-14T10:08:48Z by "mach5one" with MS VC++ 17.1 (VS2022)

END.
